[2024-06-05 21:40:14.899] [jointLog] [info] setting maxHashResizeThreads to 16
[2024-06-05 21:40:14.899] [jointLog] [info] Fragment incompatibility prior below threshold.  Incompatible fragments will be ignored.
[2024-06-05 21:40:14.899] [jointLog] [info] Usage of --validateMappings implies use of minScoreFraction. Since not explicitly specified, it is being set to 0.65
[2024-06-05 21:40:14.899] [jointLog] [info] Setting consensusSlack to selective-alignment default of 0.35.
[2024-06-05 21:40:14.899] [jointLog] [info] parsing read library format
[2024-06-05 21:40:14.899] [jointLog] [info] There is 1 library.
[2024-06-05 21:40:14.899] [jointLog] [info] Loading pufferfish index
[2024-06-05 21:40:14.900] [jointLog] [info] Loading dense pufferfish index.
[2024-06-05 21:41:47.696] [jointLog] [info] done
[2024-06-05 21:41:50.047] [jointLog] [info] Index contained 253,887 targets
[2024-06-05 21:42:06.823] [jointLog] [info] Number of decoys : 706
[2024-06-05 21:42:06.823] [jointLog] [info] First decoy index : 253,139 
[2024-06-05 21:42:09.100] [jointLog] [info] Automatically detected most likely library type as ISR

[2024-06-05 21:48:13.432] [jointLog] [info] Thread saw mini-batch with a maximum of 1.60% zero probability fragments
[2024-06-05 21:48:13.434] [jointLog] [info] Thread saw mini-batch with a maximum of 1.64% zero probability fragments
[2024-06-05 21:48:13.500] [jointLog] [info] Thread saw mini-batch with a maximum of 1.64% zero probability fragments
[2024-06-05 21:48:13.526] [jointLog] [info] Thread saw mini-batch with a maximum of 1.64% zero probability fragments
[2024-06-05 21:48:13.558] [jointLog] [info] Thread saw mini-batch with a maximum of 1.54% zero probability fragments
[2024-06-05 21:48:13.580] [jointLog] [info] Thread saw mini-batch with a maximum of 1.70% zero probability fragments
[2024-06-05 21:48:13.601] [jointLog] [info] Thread saw mini-batch with a maximum of 1.64% zero probability fragments
[2024-06-05 21:48:13.630] [jointLog] [info] Thread saw mini-batch with a maximum of 1.72% zero probability fragments
[2024-06-05 21:48:13.703] [jointLog] [info] Thread saw mini-batch with a maximum of 1.58% zero probability fragments
[2024-06-05 21:48:13.738] [jointLog] [info] Thread saw mini-batch with a maximum of 1.62% zero probability fragments
[2024-06-05 21:48:13.749] [jointLog] [info] Thread saw mini-batch with a maximum of 1.70% zero probability fragments
[2024-06-05 21:48:13.834] [jointLog] [info] Thread saw mini-batch with a maximum of 1.70% zero probability fragments
[2024-06-05 21:48:13.922] [jointLog] [info] Thread saw mini-batch with a maximum of 1.80% zero probability fragments
[2024-06-05 21:48:13.924] [jointLog] [info] Thread saw mini-batch with a maximum of 1.60% zero probability fragments
[2024-06-05 21:48:13.991] [jointLog] [info] Thread saw mini-batch with a maximum of 1.74% zero probability fragments
[2024-06-05 21:48:14.079] [jointLog] [info] Thread saw mini-batch with a maximum of 1.54% zero probability fragments
[2024-06-05 21:48:14.507] [fileLog] [info] 
At end of round 0
==================
Observed 50727326 total fragments (50727326 in most recent round)

[2024-06-05 21:48:14.506] [jointLog] [info] Computed 417,815 rich equivalence classes for further processing
[2024-06-05 21:48:14.506] [jointLog] [info] Counted 32,619,750 total reads in the equivalence classes 
[2024-06-05 21:48:14.523] [jointLog] [info] Number of mappings discarded because of alignment score : 20,352,579
[2024-06-05 21:48:14.523] [jointLog] [info] Number of fragments entirely discarded because of alignment score : 5,960,251
[2024-06-05 21:48:14.523] [jointLog] [info] Number of fragments discarded because they are best-mapped to decoys : 4,798,983
[2024-06-05 21:48:14.523] [jointLog] [info] Number of fragments discarded because they have only dovetail (discordant) mappings to valid targets : 728,458
[2024-06-05 21:48:14.523] [jointLog] [info] Mapping rate = 64.3041%

[2024-06-05 21:48:14.523] [jointLog] [info] finished quantifyLibrary()
[2024-06-05 21:48:14.524] [jointLog] [info] Starting optimizer
[2024-06-05 21:48:14.670] [jointLog] [info] Marked 0 weighted equivalence classes as degenerate
[2024-06-05 21:48:14.700] [jointLog] [info] iteration = 0 | max rel diff. = 4420.07
[2024-06-05 21:48:14.979] [jointLog] [info] iteration 11, adjusting effective lengths to account for biases
[2024-06-05 21:48:58.698] [jointLog] [info] Computed expected counts (for bias correction)
[2024-06-05 21:48:58.698] [jointLog] [info] processed bias for 0.0% of the transcripts
[2024-06-05 21:49:00.907] [jointLog] [info] processed bias for 10.0% of the transcripts
[2024-06-05 21:49:03.117] [jointLog] [info] processed bias for 20.0% of the transcripts
[2024-06-05 21:49:05.384] [jointLog] [info] processed bias for 30.0% of the transcripts
[2024-06-05 21:49:07.668] [jointLog] [info] processed bias for 40.0% of the transcripts
[2024-06-05 21:49:09.984] [jointLog] [info] processed bias for 50.0% of the transcripts
[2024-06-05 21:49:12.300] [jointLog] [info] processed bias for 60.0% of the transcripts
[2024-06-05 21:49:14.328] [jointLog] [info] processed bias for 70.0% of the transcripts
[2024-06-05 21:49:16.360] [jointLog] [info] processed bias for 80.0% of the transcripts
[2024-06-05 21:49:18.525] [jointLog] [info] processed bias for 90.0% of the transcripts
[2024-06-05 21:49:20.897] [jointLog] [info] processed bias for 100.0% of the transcripts
[2024-06-05 21:49:23.515] [jointLog] [info] iteration = 100 | max rel diff. = 20.2227
[2024-06-05 21:49:26.149] [jointLog] [info] iteration = 200 | max rel diff. = 15.4264
[2024-06-05 21:49:28.952] [jointLog] [info] iteration = 300 | max rel diff. = 3.62994
[2024-06-05 21:49:31.711] [jointLog] [info] iteration = 400 | max rel diff. = 7.77184
[2024-06-05 21:49:34.304] [jointLog] [info] iteration = 500 | max rel diff. = 2.71328
[2024-06-05 21:49:37.051] [jointLog] [info] iteration = 600 | max rel diff. = 0.100633
[2024-06-05 21:49:39.721] [jointLog] [info] iteration = 700 | max rel diff. = 0.465895
[2024-06-05 21:49:42.423] [jointLog] [info] iteration = 800 | max rel diff. = 2.39748
[2024-06-05 21:49:45.346] [jointLog] [info] iteration = 900 | max rel diff. = 0.442378
[2024-06-05 21:49:48.026] [jointLog] [info] iteration = 1,000 | max rel diff. = 0.0323224
[2024-06-05 21:49:50.745] [jointLog] [info] iteration = 1,100 | max rel diff. = 9.96383
[2024-06-05 21:49:53.168] [jointLog] [info] iteration = 1,200 | max rel diff. = 0.184492
[2024-06-05 21:49:55.932] [jointLog] [info] iteration = 1,300 | max rel diff. = 1.75968
[2024-06-05 21:49:58.626] [jointLog] [info] iteration = 1,400 | max rel diff. = 0.100138
[2024-06-05 21:50:01.367] [jointLog] [info] iteration = 1,500 | max rel diff. = 0.0118994
[2024-06-05 21:50:04.203] [jointLog] [info] iteration = 1,600 | max rel diff. = 0.36388
[2024-06-05 21:50:06.771] [jointLog] [info] iteration = 1,700 | max rel diff. = 0.00412467
[2024-06-05 21:50:06.771] [jointLog] [info] iteration = 1,701 | max rel diff. = 0.00412467
[2024-06-05 21:50:06.780] [jointLog] [info] Finished optimizer
[2024-06-05 21:50:06.780] [jointLog] [info] writing output 

