[2024-06-05 21:27:24.625] [jointLog] [info] setting maxHashResizeThreads to 16
[2024-06-05 21:27:24.625] [jointLog] [info] Fragment incompatibility prior below threshold.  Incompatible fragments will be ignored.
[2024-06-05 21:27:24.625] [jointLog] [info] Usage of --validateMappings implies use of minScoreFraction. Since not explicitly specified, it is being set to 0.65
[2024-06-05 21:27:24.625] [jointLog] [info] Setting consensusSlack to selective-alignment default of 0.35.
[2024-06-05 21:27:24.625] [jointLog] [info] parsing read library format
[2024-06-05 21:27:24.626] [jointLog] [info] There is 1 library.
[2024-06-05 21:27:24.626] [jointLog] [info] Loading pufferfish index
[2024-06-05 21:27:24.627] [jointLog] [info] Loading dense pufferfish index.
[2024-06-05 21:28:56.809] [jointLog] [info] done
[2024-06-05 21:28:57.508] [jointLog] [info] Index contained 253,887 targets
[2024-06-05 21:29:12.994] [jointLog] [info] Number of decoys : 706
[2024-06-05 21:29:12.994] [jointLog] [info] First decoy index : 253,139 
[2024-06-05 21:29:15.179] [jointLog] [info] Automatically detected most likely library type as ISR

[2024-06-05 21:38:04.112] [jointLog] [info] Thread saw mini-batch with a maximum of 2.10% zero probability fragments
[2024-06-05 21:38:04.183] [jointLog] [info] Thread saw mini-batch with a maximum of 2.00% zero probability fragments
[2024-06-05 21:38:04.201] [jointLog] [info] Thread saw mini-batch with a maximum of 2.06% zero probability fragments
[2024-06-05 21:38:04.340] [jointLog] [info] Thread saw mini-batch with a maximum of 2.02% zero probability fragments
[2024-06-05 21:38:04.378] [jointLog] [info] Thread saw mini-batch with a maximum of 2.10% zero probability fragments
[2024-06-05 21:38:04.458] [jointLog] [info] Thread saw mini-batch with a maximum of 2.16% zero probability fragments
[2024-06-05 21:38:04.464] [jointLog] [info] Thread saw mini-batch with a maximum of 2.08% zero probability fragments
[2024-06-05 21:38:04.518] [jointLog] [info] Thread saw mini-batch with a maximum of 2.00% zero probability fragments
[2024-06-05 21:38:04.553] [jointLog] [info] Thread saw mini-batch with a maximum of 2.02% zero probability fragments
[2024-06-05 21:38:04.577] [jointLog] [info] Thread saw mini-batch with a maximum of 2.06% zero probability fragments
[2024-06-05 21:38:04.623] [jointLog] [info] Thread saw mini-batch with a maximum of 2.02% zero probability fragments
[2024-06-05 21:38:04.640] [jointLog] [info] Thread saw mini-batch with a maximum of 2.10% zero probability fragments
[2024-06-05 21:38:04.649] [jointLog] [info] Thread saw mini-batch with a maximum of 2.02% zero probability fragments
[2024-06-05 21:38:04.686] [jointLog] [info] Thread saw mini-batch with a maximum of 2.08% zero probability fragments
[2024-06-05 21:38:04.746] [jointLog] [info] Thread saw mini-batch with a maximum of 1.98% zero probability fragments
[2024-06-05 21:38:04.799] [jointLog] [info] Thread saw mini-batch with a maximum of 2.08% zero probability fragments
[2024-06-05 21:38:05.285] [fileLog] [info] 
At end of round 0
==================
Observed 67474464 total fragments (67474464 in most recent round)

[2024-06-05 21:38:05.285] [jointLog] [info] Computed 552,241 rich equivalence classes for further processing
[2024-06-05 21:38:05.285] [jointLog] [info] Counted 41,293,406 total reads in the equivalence classes 
[2024-06-05 21:38:05.303] [jointLog] [info] Number of mappings discarded because of alignment score : 28,064,898
[2024-06-05 21:38:05.303] [jointLog] [info] Number of fragments entirely discarded because of alignment score : 9,011,729
[2024-06-05 21:38:05.303] [jointLog] [info] Number of fragments discarded because they are best-mapped to decoys : 7,487,992
[2024-06-05 21:38:05.303] [jointLog] [info] Number of fragments discarded because they have only dovetail (discordant) mappings to valid targets : 650,184
[2024-06-05 21:38:05.303] [jointLog] [info] Mapping rate = 61.1986%

[2024-06-05 21:38:05.303] [jointLog] [info] finished quantifyLibrary()
[2024-06-05 21:38:05.304] [jointLog] [info] Starting optimizer
[2024-06-05 21:38:05.479] [jointLog] [info] Marked 0 weighted equivalence classes as degenerate
[2024-06-05 21:38:05.505] [jointLog] [info] iteration = 0 | max rel diff. = 2837.86
[2024-06-05 21:38:05.785] [jointLog] [info] iteration 11, adjusting effective lengths to account for biases
[2024-06-05 21:38:51.063] [jointLog] [info] Computed expected counts (for bias correction)
[2024-06-05 21:38:51.064] [jointLog] [info] processed bias for 0.0% of the transcripts
[2024-06-05 21:38:53.412] [jointLog] [info] processed bias for 10.0% of the transcripts
[2024-06-05 21:38:55.691] [jointLog] [info] processed bias for 20.0% of the transcripts
[2024-06-05 21:38:58.052] [jointLog] [info] processed bias for 30.0% of the transcripts
[2024-06-05 21:39:00.480] [jointLog] [info] processed bias for 40.0% of the transcripts
[2024-06-05 21:39:02.680] [jointLog] [info] processed bias for 50.0% of the transcripts
[2024-06-05 21:39:05.130] [jointLog] [info] processed bias for 60.0% of the transcripts
[2024-06-05 21:39:07.331] [jointLog] [info] processed bias for 70.0% of the transcripts
[2024-06-05 21:39:09.497] [jointLog] [info] processed bias for 80.0% of the transcripts
[2024-06-05 21:39:11.733] [jointLog] [info] processed bias for 90.0% of the transcripts
[2024-06-05 21:39:14.240] [jointLog] [info] processed bias for 100.0% of the transcripts
[2024-06-05 21:39:17.273] [jointLog] [info] iteration = 100 | max rel diff. = 19.4755
[2024-06-05 21:39:20.404] [jointLog] [info] iteration = 200 | max rel diff. = 15.8139
[2024-06-05 21:39:23.340] [jointLog] [info] iteration = 300 | max rel diff. = 19.5406
[2024-06-05 21:39:26.595] [jointLog] [info] iteration = 400 | max rel diff. = 14.7689
[2024-06-05 21:39:29.833] [jointLog] [info] iteration = 500 | max rel diff. = 1.62012
[2024-06-05 21:39:32.879] [jointLog] [info] iteration = 600 | max rel diff. = 1.7231
[2024-06-05 21:39:35.732] [jointLog] [info] iteration = 700 | max rel diff. = 1.75584
[2024-06-05 21:39:39.069] [jointLog] [info] iteration = 800 | max rel diff. = 0.0710732
[2024-06-05 21:39:41.921] [jointLog] [info] iteration = 900 | max rel diff. = 0.937349
[2024-06-05 21:39:45.023] [jointLog] [info] iteration = 1,000 | max rel diff. = 5.96671
[2024-06-05 21:39:48.132] [jointLog] [info] iteration = 1,100 | max rel diff. = 0.112004
[2024-06-05 21:39:51.437] [jointLog] [info] iteration = 1,200 | max rel diff. = 0.0384857
[2024-06-05 21:39:54.534] [jointLog] [info] iteration = 1,300 | max rel diff. = 0.108274
[2024-06-05 21:39:57.548] [jointLog] [info] iteration = 1,400 | max rel diff. = 0.0464577
[2024-06-05 21:40:00.630] [jointLog] [info] iteration = 1,500 | max rel diff. = 0.0776691
[2024-06-05 21:40:03.989] [jointLog] [info] iteration = 1,600 | max rel diff. = 0.770191
[2024-06-05 21:40:07.365] [jointLog] [info] iteration = 1,700 | max rel diff. = 0.44004
[2024-06-05 21:40:09.101] [jointLog] [info] iteration = 1,755 | max rel diff. = 0.00477945
[2024-06-05 21:40:09.110] [jointLog] [info] Finished optimizer
[2024-06-05 21:40:09.110] [jointLog] [info] writing output 

