[2024-06-06 18:41:24.588] [jointLog] [info] setting maxHashResizeThreads to 16
[2024-06-06 18:41:24.588] [jointLog] [info] Fragment incompatibility prior below threshold.  Incompatible fragments will be ignored.
[2024-06-06 18:41:24.588] [jointLog] [info] Usage of --validateMappings implies use of minScoreFraction. Since not explicitly specified, it is being set to 0.65
[2024-06-06 18:41:24.588] [jointLog] [info] Setting consensusSlack to selective-alignment default of 0.35.
[2024-06-06 18:41:24.588] [jointLog] [info] parsing read library format
[2024-06-06 18:41:24.588] [jointLog] [info] There is 1 library.
[2024-06-06 18:41:24.589] [jointLog] [info] Loading pufferfish index
[2024-06-06 18:41:24.590] [jointLog] [info] Loading dense pufferfish index.
[2024-06-06 18:43:15.446] [jointLog] [info] done
[2024-06-06 18:43:16.351] [jointLog] [info] Index contained 253,887 targets
[2024-06-06 18:43:31.932] [jointLog] [info] Number of decoys : 706
[2024-06-06 18:43:31.932] [jointLog] [info] First decoy index : 253,139 
[2024-06-06 18:43:34.742] [jointLog] [info] Automatically detected most likely library type as ISR

[2024-06-06 18:51:15.401] [jointLog] [info] Thread saw mini-batch with a maximum of 2.36% zero probability fragments
[2024-06-06 18:51:15.511] [jointLog] [info] Thread saw mini-batch with a maximum of 2.38% zero probability fragments
[2024-06-06 18:51:15.531] [jointLog] [info] Thread saw mini-batch with a maximum of 2.22% zero probability fragments
[2024-06-06 18:51:15.546] [jointLog] [info] Thread saw mini-batch with a maximum of 2.20% zero probability fragments
[2024-06-06 18:51:15.554] [jointLog] [info] Thread saw mini-batch with a maximum of 2.32% zero probability fragments
[2024-06-06 18:51:15.588] [jointLog] [info] Thread saw mini-batch with a maximum of 2.36% zero probability fragments
[2024-06-06 18:51:15.625] [jointLog] [info] Thread saw mini-batch with a maximum of 2.34% zero probability fragments
[2024-06-06 18:51:15.632] [jointLog] [info] Thread saw mini-batch with a maximum of 2.22% zero probability fragments
[2024-06-06 18:51:15.664] [jointLog] [info] Thread saw mini-batch with a maximum of 2.16% zero probability fragments
[2024-06-06 18:51:15.709] [jointLog] [info] Thread saw mini-batch with a maximum of 2.44% zero probability fragments
[2024-06-06 18:51:15.718] [jointLog] [info] Thread saw mini-batch with a maximum of 2.36% zero probability fragments
[2024-06-06 18:51:15.719] [jointLog] [info] Thread saw mini-batch with a maximum of 2.30% zero probability fragments
[2024-06-06 18:51:15.726] [jointLog] [info] Thread saw mini-batch with a maximum of 2.46% zero probability fragments
[2024-06-06 18:51:15.746] [jointLog] [info] Thread saw mini-batch with a maximum of 2.32% zero probability fragments
[2024-06-06 18:51:15.753] [jointLog] [info] Thread saw mini-batch with a maximum of 2.26% zero probability fragments
[2024-06-06 18:51:15.915] [jointLog] [info] Thread saw mini-batch with a maximum of 2.24% zero probability fragments
[2024-06-06 18:51:16.206] [fileLog] [info] 
At end of round 0
==================
Observed 55038519 total fragments (55038519 in most recent round)

[2024-06-06 18:51:16.206] [jointLog] [info] Computed 253,909 rich equivalence classes for further processing
[2024-06-06 18:51:16.206] [jointLog] [info] Counted 38,121,329 total reads in the equivalence classes 
[2024-06-06 18:51:16.221] [jointLog] [info] Number of mappings discarded because of alignment score : 20,659,036
[2024-06-06 18:51:16.221] [jointLog] [info] Number of fragments entirely discarded because of alignment score : 5,199,044
[2024-06-06 18:51:16.221] [jointLog] [info] Number of fragments discarded because they are best-mapped to decoys : 4,275,093
[2024-06-06 18:51:16.221] [jointLog] [info] Number of fragments discarded because they have only dovetail (discordant) mappings to valid targets : 836,406
[2024-06-06 18:51:16.221] [jointLog] [info] Mapping rate = 69.263%

[2024-06-06 18:51:16.221] [jointLog] [info] finished quantifyLibrary()
[2024-06-06 18:51:16.225] [jointLog] [info] Starting optimizer
[2024-06-06 18:51:16.460] [jointLog] [info] Marked 0 weighted equivalence classes as degenerate
[2024-06-06 18:51:16.493] [jointLog] [info] iteration = 0 | max rel diff. = 3526.22
[2024-06-06 18:51:16.755] [jointLog] [info] iteration 11, adjusting effective lengths to account for biases
[2024-06-06 18:52:00.657] [jointLog] [info] Computed expected counts (for bias correction)
[2024-06-06 18:52:00.659] [jointLog] [info] processed bias for 0.0% of the transcripts
[2024-06-06 18:52:02.746] [jointLog] [info] processed bias for 10.0% of the transcripts
[2024-06-06 18:52:04.886] [jointLog] [info] processed bias for 20.0% of the transcripts
[2024-06-06 18:52:06.986] [jointLog] [info] processed bias for 30.0% of the transcripts
[2024-06-06 18:52:09.573] [jointLog] [info] processed bias for 40.0% of the transcripts
[2024-06-06 18:52:11.971] [jointLog] [info] processed bias for 50.0% of the transcripts
[2024-06-06 18:52:14.259] [jointLog] [info] processed bias for 60.0% of the transcripts
[2024-06-06 18:52:16.687] [jointLog] [info] processed bias for 70.0% of the transcripts
[2024-06-06 18:52:19.550] [jointLog] [info] processed bias for 80.0% of the transcripts
[2024-06-06 18:52:22.421] [jointLog] [info] processed bias for 90.0% of the transcripts
[2024-06-06 18:52:24.737] [jointLog] [info] processed bias for 100.0% of the transcripts
[2024-06-06 18:52:26.664] [jointLog] [info] iteration = 100 | max rel diff. = 11.3755
[2024-06-06 18:52:29.268] [jointLog] [info] iteration = 200 | max rel diff. = 5.86175
[2024-06-06 18:52:33.682] [jointLog] [info] iteration = 300 | max rel diff. = 4.37922
[2024-06-06 18:52:39.751] [jointLog] [info] iteration = 400 | max rel diff. = 1.19515
[2024-06-06 18:52:44.203] [jointLog] [info] iteration = 500 | max rel diff. = 10.9846
[2024-06-06 18:52:47.706] [jointLog] [info] iteration = 600 | max rel diff. = 2.0486
[2024-06-06 18:52:49.942] [jointLog] [info] iteration = 700 | max rel diff. = 2.77869
[2024-06-06 18:52:52.276] [jointLog] [info] iteration = 800 | max rel diff. = 4.32964
[2024-06-06 18:52:54.469] [jointLog] [info] iteration = 900 | max rel diff. = 0.500201
[2024-06-06 18:52:57.612] [jointLog] [info] iteration = 1,000 | max rel diff. = 0.0939868
[2024-06-06 18:52:59.920] [jointLog] [info] iteration = 1,100 | max rel diff. = 0.0241808
[2024-06-06 18:53:02.247] [jointLog] [info] iteration = 1,200 | max rel diff. = 0.0597288
[2024-06-06 18:53:06.749] [jointLog] [info] iteration = 1,300 | max rel diff. = 0.318132
[2024-06-06 18:53:10.194] [jointLog] [info] iteration = 1,400 | max rel diff. = 0.0181552
[2024-06-06 18:53:12.560] [jointLog] [info] iteration = 1,500 | max rel diff. = 0.0212597
[2024-06-06 18:53:14.847] [jointLog] [info] iteration = 1,600 | max rel diff. = 0.0844226
[2024-06-06 18:53:18.962] [jointLog] [info] iteration = 1,696 | max rel diff. = 0.00452248
[2024-06-06 18:53:19.001] [jointLog] [info] Finished optimizer
[2024-06-06 18:53:19.001] [jointLog] [info] writing output 

