[2024-06-06 07:04:46.363] [jointLog] [info] setting maxHashResizeThreads to 16
[2024-06-06 07:04:46.363] [jointLog] [info] Fragment incompatibility prior below threshold.  Incompatible fragments will be ignored.
[2024-06-06 07:04:46.363] [jointLog] [info] Usage of --validateMappings implies use of minScoreFraction. Since not explicitly specified, it is being set to 0.65
[2024-06-06 07:04:46.363] [jointLog] [info] Setting consensusSlack to selective-alignment default of 0.35.
[2024-06-06 07:04:46.363] [jointLog] [info] parsing read library format
[2024-06-06 07:04:46.363] [jointLog] [info] There is 1 library.
[2024-06-06 07:04:46.364] [jointLog] [info] Loading pufferfish index
[2024-06-06 07:04:46.364] [jointLog] [info] Loading dense pufferfish index.
[2024-06-06 07:05:23.914] [jointLog] [info] done
[2024-06-06 07:05:23.999] [jointLog] [info] Index contained 253,887 targets
[2024-06-06 07:05:26.971] [jointLog] [info] Number of decoys : 706
[2024-06-06 07:05:26.971] [jointLog] [info] First decoy index : 253,139 
[2024-06-06 07:05:27.644] [jointLog] [info] Automatically detected most likely library type as ISR

[2024-06-06 07:12:51.374] [jointLog] [info] Thread saw mini-batch with a maximum of 1.54% zero probability fragments
[2024-06-06 07:12:51.395] [jointLog] [info] Thread saw mini-batch with a maximum of 1.60% zero probability fragments
[2024-06-06 07:12:51.449] [jointLog] [info] Thread saw mini-batch with a maximum of 1.48% zero probability fragments
[2024-06-06 07:12:51.450] [jointLog] [info] Thread saw mini-batch with a maximum of 1.52% zero probability fragments
[2024-06-06 07:12:51.499] [jointLog] [info] Thread saw mini-batch with a maximum of 1.58% zero probability fragments
[2024-06-06 07:12:51.528] [jointLog] [info] Thread saw mini-batch with a maximum of 1.58% zero probability fragments
[2024-06-06 07:12:51.552] [jointLog] [info] Thread saw mini-batch with a maximum of 1.46% zero probability fragments
[2024-06-06 07:12:51.577] [jointLog] [info] Thread saw mini-batch with a maximum of 1.58% zero probability fragments
[2024-06-06 07:12:51.584] [jointLog] [info] Thread saw mini-batch with a maximum of 1.62% zero probability fragments
[2024-06-06 07:12:51.606] [jointLog] [info] Thread saw mini-batch with a maximum of 1.68% zero probability fragments
[2024-06-06 07:12:51.613] [jointLog] [info] Thread saw mini-batch with a maximum of 1.58% zero probability fragments
[2024-06-06 07:12:51.668] [jointLog] [info] Thread saw mini-batch with a maximum of 1.54% zero probability fragments
[2024-06-06 07:12:51.736] [jointLog] [info] Thread saw mini-batch with a maximum of 1.56% zero probability fragments
[2024-06-06 07:12:51.775] [jointLog] [info] Thread saw mini-batch with a maximum of 1.54% zero probability fragments
[2024-06-06 07:12:51.790] [jointLog] [info] Thread saw mini-batch with a maximum of 1.62% zero probability fragments
[2024-06-06 07:12:51.814] [jointLog] [info] Thread saw mini-batch with a maximum of 1.62% zero probability fragments
[2024-06-06 07:12:52.261] [jointLog] [info] Computed 500,797 rich equivalence classes for further processing
[2024-06-06 07:12:52.261] [jointLog] [info] Counted 53,467,877 total reads in the equivalence classes 
[2024-06-06 07:12:52.280] [jointLog] [info] Number of mappings discarded because of alignment score : 28,362,369
[2024-06-06 07:12:52.280] [jointLog] [info] Number of fragments entirely discarded because of alignment score : 8,090,192
[2024-06-06 07:12:52.280] [jointLog] [info] Number of fragments discarded because they are best-mapped to decoys : 6,547,377
[2024-06-06 07:12:52.280] [jointLog] [info] Number of fragments discarded because they have only dovetail (discordant) mappings to valid targets : 1,119,926
[2024-06-06 07:12:52.280] [jointLog] [info] Mapping rate = 69.1964%

[2024-06-06 07:12:52.280] [jointLog] [info] finished quantifyLibrary()
[2024-06-06 07:12:52.280] [jointLog] [info] Starting optimizer
[2024-06-06 07:12:52.462] [jointLog] [info] Marked 0 weighted equivalence classes as degenerate
[2024-06-06 07:12:52.499] [jointLog] [info] iteration = 0 | max rel diff. = 25.2861
[2024-06-06 07:12:52.263] [fileLog] [info] 
At end of round 0
==================
Observed 77269686 total fragments (77269686 in most recent round)

[2024-06-06 07:12:52.781] [jointLog] [info] iteration 11, adjusting effective lengths to account for biases
[2024-06-06 07:13:30.882] [jointLog] [info] Computed expected counts (for bias correction)
[2024-06-06 07:13:30.883] [jointLog] [info] processed bias for 0.0% of the transcripts
[2024-06-06 07:13:32.608] [jointLog] [info] processed bias for 10.0% of the transcripts
[2024-06-06 07:13:34.503] [jointLog] [info] processed bias for 20.0% of the transcripts
[2024-06-06 07:13:36.424] [jointLog] [info] processed bias for 30.0% of the transcripts
[2024-06-06 07:13:38.433] [jointLog] [info] processed bias for 40.0% of the transcripts
[2024-06-06 07:13:40.239] [jointLog] [info] processed bias for 50.0% of the transcripts
[2024-06-06 07:13:41.967] [jointLog] [info] processed bias for 60.0% of the transcripts
[2024-06-06 07:13:43.911] [jointLog] [info] processed bias for 70.0% of the transcripts
[2024-06-06 07:13:45.775] [jointLog] [info] processed bias for 80.0% of the transcripts
[2024-06-06 07:13:47.559] [jointLog] [info] processed bias for 90.0% of the transcripts
[2024-06-06 07:13:49.421] [jointLog] [info] processed bias for 100.0% of the transcripts
[2024-06-06 07:13:51.880] [jointLog] [info] iteration = 100 | max rel diff. = 8.92178
[2024-06-06 07:13:54.578] [jointLog] [info] iteration = 200 | max rel diff. = 20.4923
[2024-06-06 07:13:57.454] [jointLog] [info] iteration = 300 | max rel diff. = 1.89445
[2024-06-06 07:14:00.118] [jointLog] [info] iteration = 400 | max rel diff. = 16.7178
[2024-06-06 07:14:02.857] [jointLog] [info] iteration = 500 | max rel diff. = 4.38417
[2024-06-06 07:14:05.647] [jointLog] [info] iteration = 600 | max rel diff. = 0.536786
[2024-06-06 07:14:08.359] [jointLog] [info] iteration = 700 | max rel diff. = 0.294246
[2024-06-06 07:14:11.098] [jointLog] [info] iteration = 800 | max rel diff. = 0.738611
[2024-06-06 07:14:13.889] [jointLog] [info] iteration = 900 | max rel diff. = 0.472267
[2024-06-06 07:14:16.599] [jointLog] [info] iteration = 1,000 | max rel diff. = 0.0390492
[2024-06-06 07:14:19.321] [jointLog] [info] iteration = 1,100 | max rel diff. = 0.0781082
[2024-06-06 07:14:21.949] [jointLog] [info] iteration = 1,200 | max rel diff. = 0.0384735
[2024-06-06 07:14:24.495] [jointLog] [info] iteration = 1,300 | max rel diff. = 0.709372
[2024-06-06 07:14:27.112] [jointLog] [info] iteration = 1,400 | max rel diff. = 0.0464271
[2024-06-06 07:14:29.770] [jointLog] [info] iteration = 1,500 | max rel diff. = 0.618164
[2024-06-06 07:14:32.457] [jointLog] [info] iteration = 1,600 | max rel diff. = 0.0347824
[2024-06-06 07:14:35.046] [jointLog] [info] iteration = 1,700 | max rel diff. = 0.395971
[2024-06-06 07:14:37.695] [jointLog] [info] iteration = 1,800 | max rel diff. = 0.0375314
[2024-06-06 07:14:38.625] [jointLog] [info] iteration = 1,836 | max rel diff. = 0.00467122
[2024-06-06 07:14:38.633] [jointLog] [info] Finished optimizer
[2024-06-06 07:14:38.633] [jointLog] [info] writing output 

