[2024-06-06 00:57:08.821] [jointLog] [info] setting maxHashResizeThreads to 16
[2024-06-06 00:57:08.821] [jointLog] [info] Fragment incompatibility prior below threshold.  Incompatible fragments will be ignored.
[2024-06-06 00:57:08.821] [jointLog] [info] Usage of --validateMappings implies use of minScoreFraction. Since not explicitly specified, it is being set to 0.65
[2024-06-06 00:57:08.821] [jointLog] [info] Setting consensusSlack to selective-alignment default of 0.35.
[2024-06-06 00:57:08.821] [jointLog] [info] parsing read library format
[2024-06-06 00:57:08.821] [jointLog] [info] There is 1 library.
[2024-06-06 00:57:08.821] [jointLog] [info] Loading pufferfish index
[2024-06-06 00:57:08.821] [jointLog] [info] Loading dense pufferfish index.
[2024-06-06 00:58:53.916] [jointLog] [info] done
[2024-06-06 00:58:54.400] [jointLog] [info] Index contained 253,887 targets
[2024-06-06 00:59:07.696] [jointLog] [info] Number of decoys : 706
[2024-06-06 00:59:07.696] [jointLog] [info] First decoy index : 253,139 
[2024-06-06 00:59:09.691] [jointLog] [info] Automatically detected most likely library type as ISR

[2024-06-06 01:07:30.631] [jointLog] [info] Thread saw mini-batch with a maximum of 1.58% zero probability fragments
[2024-06-06 01:07:30.651] [jointLog] [info] Thread saw mini-batch with a maximum of 1.54% zero probability fragments
[2024-06-06 01:07:30.780] [jointLog] [info] Thread saw mini-batch with a maximum of 1.58% zero probability fragments
[2024-06-06 01:07:30.801] [jointLog] [info] Thread saw mini-batch with a maximum of 1.54% zero probability fragments
[2024-06-06 01:07:30.843] [jointLog] [info] Thread saw mini-batch with a maximum of 1.64% zero probability fragments
[2024-06-06 01:07:30.928] [jointLog] [info] Thread saw mini-batch with a maximum of 1.62% zero probability fragments
[2024-06-06 01:07:30.954] [jointLog] [info] Thread saw mini-batch with a maximum of 1.82% zero probability fragments
[2024-06-06 01:07:31.092] [jointLog] [info] Thread saw mini-batch with a maximum of 1.66% zero probability fragments
[2024-06-06 01:07:31.275] [jointLog] [info] Thread saw mini-batch with a maximum of 1.50% zero probability fragments
[2024-06-06 01:07:31.430] [jointLog] [info] Thread saw mini-batch with a maximum of 1.60% zero probability fragments
[2024-06-06 01:07:31.479] [jointLog] [info] Thread saw mini-batch with a maximum of 1.68% zero probability fragments
[2024-06-06 01:07:31.509] [jointLog] [info] Thread saw mini-batch with a maximum of 1.58% zero probability fragments
[2024-06-06 01:07:31.539] [jointLog] [info] Thread saw mini-batch with a maximum of 1.56% zero probability fragments
[2024-06-06 01:07:31.584] [jointLog] [info] Thread saw mini-batch with a maximum of 1.68% zero probability fragments
[2024-06-06 01:07:31.741] [jointLog] [info] Thread saw mini-batch with a maximum of 1.52% zero probability fragments
[2024-06-06 01:07:31.790] [jointLog] [info] Thread saw mini-batch with a maximum of 1.62% zero probability fragments
[2024-06-06 01:07:32.209] [jointLog] [info] Computed 382,649 rich equivalence classes for further processing
[2024-06-06 01:07:32.209] [jointLog] [info] Counted 30,958,719 total reads in the equivalence classes 
[2024-06-06 01:07:32.228] [jointLog] [info] Number of mappings discarded because of alignment score : 49,247,960
[2024-06-06 01:07:32.228] [jointLog] [info] Number of fragments entirely discarded because of alignment score : 10,148,918
[2024-06-06 01:07:32.228] [jointLog] [info] Number of fragments discarded because they are best-mapped to decoys : 4,781,988
[2024-06-06 01:07:32.228] [jointLog] [info] Number of fragments discarded because they have only dovetail (discordant) mappings to valid targets : 1,915,688
[2024-06-06 01:07:32.228] [jointLog] [info] Mapping rate = 59.9146%

[2024-06-06 01:07:32.228] [jointLog] [info] finished quantifyLibrary()
[2024-06-06 01:07:32.228] [jointLog] [info] Starting optimizer
[2024-06-06 01:07:32.366] [jointLog] [info] Marked 0 weighted equivalence classes as degenerate
[2024-06-06 01:07:32.388] [jointLog] [info] iteration = 0 | max rel diff. = 4635.5
[2024-06-06 01:07:32.209] [fileLog] [info] 
At end of round 0
==================
Observed 51671420 total fragments (51671420 in most recent round)

[2024-06-06 01:07:32.631] [jointLog] [info] iteration 11, adjusting effective lengths to account for biases
[2024-06-06 01:08:05.164] [jointLog] [info] Computed expected counts (for bias correction)
[2024-06-06 01:08:05.165] [jointLog] [info] processed bias for 0.0% of the transcripts
[2024-06-06 01:08:06.814] [jointLog] [info] processed bias for 10.0% of the transcripts
[2024-06-06 01:08:08.589] [jointLog] [info] processed bias for 20.0% of the transcripts
[2024-06-06 01:08:10.470] [jointLog] [info] processed bias for 30.0% of the transcripts
[2024-06-06 01:08:12.154] [jointLog] [info] processed bias for 40.0% of the transcripts
[2024-06-06 01:08:13.776] [jointLog] [info] processed bias for 50.0% of the transcripts
[2024-06-06 01:08:15.369] [jointLog] [info] processed bias for 60.0% of the transcripts
[2024-06-06 01:08:17.004] [jointLog] [info] processed bias for 70.0% of the transcripts
[2024-06-06 01:08:18.606] [jointLog] [info] processed bias for 80.0% of the transcripts
[2024-06-06 01:08:20.291] [jointLog] [info] processed bias for 90.0% of the transcripts
[2024-06-06 01:08:21.881] [jointLog] [info] processed bias for 100.0% of the transcripts
[2024-06-06 01:08:24.274] [jointLog] [info] iteration = 100 | max rel diff. = 10.2899
[2024-06-06 01:08:27.040] [jointLog] [info] iteration = 200 | max rel diff. = 13.3879
[2024-06-06 01:08:29.993] [jointLog] [info] iteration = 300 | max rel diff. = 3.92118
[2024-06-06 01:08:32.786] [jointLog] [info] iteration = 400 | max rel diff. = 1.11609
[2024-06-06 01:08:35.563] [jointLog] [info] iteration = 500 | max rel diff. = 0.430222
[2024-06-06 01:08:38.312] [jointLog] [info] iteration = 600 | max rel diff. = 0.773209
[2024-06-06 01:08:41.244] [jointLog] [info] iteration = 700 | max rel diff. = 0.0479932
[2024-06-06 01:08:44.182] [jointLog] [info] iteration = 800 | max rel diff. = 0.304568
[2024-06-06 01:08:47.174] [jointLog] [info] iteration = 900 | max rel diff. = 0.09245
[2024-06-06 01:08:50.091] [jointLog] [info] iteration = 1,000 | max rel diff. = 2.46413
[2024-06-06 01:08:50.688] [jointLog] [info] iteration = 1,024 | max rel diff. = 0.00832838
[2024-06-06 01:08:50.697] [jointLog] [info] Finished optimizer
[2024-06-06 01:08:50.697] [jointLog] [info] writing output 

