[2024-06-06 00:43:36.986] [jointLog] [info] setting maxHashResizeThreads to 16
[2024-06-06 00:43:36.986] [jointLog] [info] Fragment incompatibility prior below threshold.  Incompatible fragments will be ignored.
[2024-06-06 00:43:36.986] [jointLog] [info] Usage of --validateMappings implies use of minScoreFraction. Since not explicitly specified, it is being set to 0.65
[2024-06-06 00:43:36.986] [jointLog] [info] Setting consensusSlack to selective-alignment default of 0.35.
[2024-06-06 00:43:36.986] [jointLog] [info] parsing read library format
[2024-06-06 00:43:36.986] [jointLog] [info] There is 1 library.
[2024-06-06 00:43:36.987] [jointLog] [info] Loading pufferfish index
[2024-06-06 00:43:36.987] [jointLog] [info] Loading dense pufferfish index.
[2024-06-06 00:45:56.853] [jointLog] [info] done
[2024-06-06 00:45:57.233] [jointLog] [info] Index contained 253,887 targets
[2024-06-06 00:46:09.031] [jointLog] [info] Number of decoys : 706
[2024-06-06 00:46:09.031] [jointLog] [info] First decoy index : 253,139 
[2024-06-06 00:46:10.875] [jointLog] [info] Automatically detected most likely library type as ISR

[2024-06-06 00:55:32.098] [jointLog] [info] Thread saw mini-batch with a maximum of 1.66% zero probability fragments
[2024-06-06 00:55:32.140] [jointLog] [info] Thread saw mini-batch with a maximum of 1.58% zero probability fragments
[2024-06-06 00:55:32.170] [jointLog] [info] Thread saw mini-batch with a maximum of 1.68% zero probability fragments
[2024-06-06 00:55:32.174] [jointLog] [info] Thread saw mini-batch with a maximum of 1.84% zero probability fragments
[2024-06-06 00:55:32.265] [jointLog] [info] Thread saw mini-batch with a maximum of 1.60% zero probability fragments
[2024-06-06 00:55:32.304] [jointLog] [info] Thread saw mini-batch with a maximum of 1.72% zero probability fragments
[2024-06-06 00:55:32.662] [jointLog] [info] Thread saw mini-batch with a maximum of 1.68% zero probability fragments
[2024-06-06 00:55:32.712] [jointLog] [info] Thread saw mini-batch with a maximum of 1.74% zero probability fragments
[2024-06-06 00:55:32.723] [jointLog] [info] Thread saw mini-batch with a maximum of 1.56% zero probability fragments
[2024-06-06 00:55:32.742] [jointLog] [info] Thread saw mini-batch with a maximum of 1.64% zero probability fragments
[2024-06-06 00:55:32.767] [jointLog] [info] Thread saw mini-batch with a maximum of 1.56% zero probability fragments
[2024-06-06 00:55:32.893] [jointLog] [info] Thread saw mini-batch with a maximum of 1.64% zero probability fragments
[2024-06-06 00:55:32.912] [jointLog] [info] Thread saw mini-batch with a maximum of 1.62% zero probability fragments
[2024-06-06 00:55:32.982] [jointLog] [info] Thread saw mini-batch with a maximum of 1.60% zero probability fragments
[2024-06-06 00:55:33.008] [jointLog] [info] Thread saw mini-batch with a maximum of 1.58% zero probability fragments
[2024-06-06 00:55:33.010] [jointLog] [info] Thread saw mini-batch with a maximum of 1.72% zero probability fragments
[2024-06-06 00:55:33.459] [fileLog] [info] 
At end of round 0
==================
Observed 56770350 total fragments (56770350 in most recent round)

[2024-06-06 00:55:33.450] [jointLog] [info] Computed 338,471 rich equivalence classes for further processing
[2024-06-06 00:55:33.450] [jointLog] [info] Counted 33,664,716 total reads in the equivalence classes 
[2024-06-06 00:55:33.500] [jointLog] [info] Number of mappings discarded because of alignment score : 61,940,543
[2024-06-06 00:55:33.500] [jointLog] [info] Number of fragments entirely discarded because of alignment score : 11,906,224
[2024-06-06 00:55:33.500] [jointLog] [info] Number of fragments discarded because they are best-mapped to decoys : 4,812,787
[2024-06-06 00:55:33.500] [jointLog] [info] Number of fragments discarded because they have only dovetail (discordant) mappings to valid targets : 2,907,318
[2024-06-06 00:55:33.500] [jointLog] [info] Mapping rate = 59.2998%

[2024-06-06 00:55:33.500] [jointLog] [info] finished quantifyLibrary()
[2024-06-06 00:55:33.502] [jointLog] [info] Starting optimizer
[2024-06-06 00:55:33.721] [jointLog] [info] Marked 0 weighted equivalence classes as degenerate
[2024-06-06 00:55:33.739] [jointLog] [info] iteration = 0 | max rel diff. = 4337.26
[2024-06-06 00:55:33.962] [jointLog] [info] iteration 11, adjusting effective lengths to account for biases
[2024-06-06 00:56:04.107] [jointLog] [info] Computed expected counts (for bias correction)
[2024-06-06 00:56:04.107] [jointLog] [info] processed bias for 0.0% of the transcripts
[2024-06-06 00:56:05.730] [jointLog] [info] processed bias for 10.0% of the transcripts
[2024-06-06 00:56:07.490] [jointLog] [info] processed bias for 20.0% of the transcripts
[2024-06-06 00:56:09.011] [jointLog] [info] processed bias for 30.0% of the transcripts
[2024-06-06 00:56:10.588] [jointLog] [info] processed bias for 40.0% of the transcripts
[2024-06-06 00:56:12.063] [jointLog] [info] processed bias for 50.0% of the transcripts
[2024-06-06 00:56:13.546] [jointLog] [info] processed bias for 60.0% of the transcripts
[2024-06-06 00:56:15.186] [jointLog] [info] processed bias for 70.0% of the transcripts
[2024-06-06 00:56:16.787] [jointLog] [info] processed bias for 80.0% of the transcripts
[2024-06-06 00:56:18.269] [jointLog] [info] processed bias for 90.0% of the transcripts
[2024-06-06 00:56:19.897] [jointLog] [info] processed bias for 100.0% of the transcripts
[2024-06-06 00:56:22.151] [jointLog] [info] iteration = 100 | max rel diff. = 14.2355
[2024-06-06 00:56:24.652] [jointLog] [info] iteration = 200 | max rel diff. = 4.76075
[2024-06-06 00:56:27.157] [jointLog] [info] iteration = 300 | max rel diff. = 6.59364
[2024-06-06 00:56:29.944] [jointLog] [info] iteration = 400 | max rel diff. = 4.05771
[2024-06-06 00:56:32.656] [jointLog] [info] iteration = 500 | max rel diff. = 0.614783
[2024-06-06 00:56:35.263] [jointLog] [info] iteration = 600 | max rel diff. = 1.09828
[2024-06-06 00:56:38.064] [jointLog] [info] iteration = 700 | max rel diff. = 5.75158
[2024-06-06 00:56:40.706] [jointLog] [info] iteration = 800 | max rel diff. = 0.11587
[2024-06-06 00:56:43.337] [jointLog] [info] iteration = 900 | max rel diff. = 0.054152
[2024-06-06 00:56:45.931] [jointLog] [info] iteration = 1,000 | max rel diff. = 0.237528
[2024-06-06 00:56:48.539] [jointLog] [info] iteration = 1,100 | max rel diff. = 0.0952496
[2024-06-06 00:56:51.346] [jointLog] [info] iteration = 1,200 | max rel diff. = 0.0514164
[2024-06-06 00:56:53.808] [jointLog] [info] iteration = 1,300 | max rel diff. = 6.98717
[2024-06-06 00:56:56.106] [jointLog] [info] iteration = 1,400 | max rel diff. = 0.0141516
[2024-06-06 00:56:58.700] [jointLog] [info] iteration = 1,500 | max rel diff. = 0.0647021
[2024-06-06 00:57:01.488] [jointLog] [info] iteration = 1,600 | max rel diff. = 0.11727
[2024-06-06 00:57:02.968] [jointLog] [info] iteration = 1,660 | max rel diff. = 0.00596934
[2024-06-06 00:57:02.977] [jointLog] [info] Finished optimizer
[2024-06-06 00:57:02.977] [jointLog] [info] writing output 

