[2024-06-06 19:05:07.816] [jointLog] [info] setting maxHashResizeThreads to 16
[2024-06-06 19:05:07.816] [jointLog] [info] Fragment incompatibility prior below threshold.  Incompatible fragments will be ignored.
[2024-06-06 19:05:07.816] [jointLog] [info] Usage of --validateMappings implies use of minScoreFraction. Since not explicitly specified, it is being set to 0.65
[2024-06-06 19:05:07.816] [jointLog] [info] Setting consensusSlack to selective-alignment default of 0.35.
[2024-06-06 19:05:07.816] [jointLog] [info] parsing read library format
[2024-06-06 19:05:07.816] [jointLog] [info] There is 1 library.
[2024-06-06 19:05:07.817] [jointLog] [info] Loading pufferfish index
[2024-06-06 19:05:07.818] [jointLog] [info] Loading dense pufferfish index.
[2024-06-06 19:06:44.979] [jointLog] [info] done
[2024-06-06 19:06:45.767] [jointLog] [info] Index contained 253,887 targets
[2024-06-06 19:06:58.403] [jointLog] [info] Number of decoys : 706
[2024-06-06 19:06:58.403] [jointLog] [info] First decoy index : 253,139 
[2024-06-06 19:07:01.106] [jointLog] [info] Automatically detected most likely library type as ISR

[2024-06-06 19:15:03.481] [jointLog] [info] Thread saw mini-batch with a maximum of 1.42% zero probability fragments
[2024-06-06 19:15:03.495] [jointLog] [info] Thread saw mini-batch with a maximum of 1.38% zero probability fragments
[2024-06-06 19:15:03.514] [jointLog] [info] Thread saw mini-batch with a maximum of 1.36% zero probability fragments
[2024-06-06 19:15:03.532] [jointLog] [info] Thread saw mini-batch with a maximum of 1.38% zero probability fragments
[2024-06-06 19:15:03.534] [jointLog] [info] Thread saw mini-batch with a maximum of 1.36% zero probability fragments
[2024-06-06 19:15:03.566] [jointLog] [info] Thread saw mini-batch with a maximum of 1.38% zero probability fragments
[2024-06-06 19:15:03.602] [jointLog] [info] Thread saw mini-batch with a maximum of 1.40% zero probability fragments
[2024-06-06 19:15:03.632] [jointLog] [info] Thread saw mini-batch with a maximum of 1.42% zero probability fragments
[2024-06-06 19:15:03.636] [jointLog] [info] Thread saw mini-batch with a maximum of 1.46% zero probability fragments
[2024-06-06 19:15:03.682] [jointLog] [info] Thread saw mini-batch with a maximum of 1.42% zero probability fragments
[2024-06-06 19:15:03.739] [jointLog] [info] Thread saw mini-batch with a maximum of 1.36% zero probability fragments
[2024-06-06 19:15:03.793] [jointLog] [info] Thread saw mini-batch with a maximum of 1.38% zero probability fragments
[2024-06-06 19:15:03.811] [jointLog] [info] Thread saw mini-batch with a maximum of 1.52% zero probability fragments
[2024-06-06 19:15:03.821] [jointLog] [info] Thread saw mini-batch with a maximum of 1.40% zero probability fragments
[2024-06-06 19:15:03.871] [jointLog] [info] Thread saw mini-batch with a maximum of 1.46% zero probability fragments
[2024-06-06 19:15:03.982] [jointLog] [info] Thread saw mini-batch with a maximum of 1.46% zero probability fragments
[2024-06-06 19:15:04.505] [fileLog] [info] 
At end of round 0
==================
Observed 77313782 total fragments (77313782 in most recent round)

[2024-06-06 19:15:04.505] [jointLog] [info] Computed 473,834 rich equivalence classes for further processing
[2024-06-06 19:15:04.505] [jointLog] [info] Counted 53,345,774 total reads in the equivalence classes 
[2024-06-06 19:15:04.524] [jointLog] [info] Number of mappings discarded because of alignment score : 29,635,530
[2024-06-06 19:15:04.524] [jointLog] [info] Number of fragments entirely discarded because of alignment score : 7,690,287
[2024-06-06 19:15:04.524] [jointLog] [info] Number of fragments discarded because they are best-mapped to decoys : 6,188,837
[2024-06-06 19:15:04.524] [jointLog] [info] Number of fragments discarded because they have only dovetail (discordant) mappings to valid targets : 1,080,793
[2024-06-06 19:15:04.524] [jointLog] [info] Mapping rate = 68.999%

[2024-06-06 19:15:04.524] [jointLog] [info] finished quantifyLibrary()
[2024-06-06 19:15:04.527] [jointLog] [info] Starting optimizer
[2024-06-06 19:15:04.686] [jointLog] [info] Marked 0 weighted equivalence classes as degenerate
[2024-06-06 19:15:04.718] [jointLog] [info] iteration = 0 | max rel diff. = 32.4165
[2024-06-06 19:15:05.050] [jointLog] [info] iteration 11, adjusting effective lengths to account for biases
[2024-06-06 19:15:42.253] [jointLog] [info] Computed expected counts (for bias correction)
[2024-06-06 19:15:42.253] [jointLog] [info] processed bias for 0.0% of the transcripts
[2024-06-06 19:15:44.324] [jointLog] [info] processed bias for 10.0% of the transcripts
[2024-06-06 19:15:46.122] [jointLog] [info] processed bias for 20.0% of the transcripts
[2024-06-06 19:15:48.018] [jointLog] [info] processed bias for 30.0% of the transcripts
[2024-06-06 19:15:50.036] [jointLog] [info] processed bias for 40.0% of the transcripts
[2024-06-06 19:15:52.048] [jointLog] [info] processed bias for 50.0% of the transcripts
[2024-06-06 19:15:53.996] [jointLog] [info] processed bias for 60.0% of the transcripts
[2024-06-06 19:15:55.898] [jointLog] [info] processed bias for 70.0% of the transcripts
[2024-06-06 19:15:57.897] [jointLog] [info] processed bias for 80.0% of the transcripts
[2024-06-06 19:16:00.263] [jointLog] [info] processed bias for 90.0% of the transcripts
[2024-06-06 19:16:02.455] [jointLog] [info] processed bias for 100.0% of the transcripts
[2024-06-06 19:16:05.909] [jointLog] [info] iteration = 100 | max rel diff. = 12.8656
[2024-06-06 19:16:10.058] [jointLog] [info] iteration = 200 | max rel diff. = 3.67741
[2024-06-06 19:16:13.453] [jointLog] [info] iteration = 300 | max rel diff. = 15.4092
[2024-06-06 19:16:17.438] [jointLog] [info] iteration = 400 | max rel diff. = 0.492821
[2024-06-06 19:16:21.485] [jointLog] [info] iteration = 500 | max rel diff. = 0.903631
[2024-06-06 19:16:26.288] [jointLog] [info] iteration = 600 | max rel diff. = 1.42358
[2024-06-06 19:16:29.948] [jointLog] [info] iteration = 700 | max rel diff. = 0.208011
[2024-06-06 19:16:33.420] [jointLog] [info] iteration = 800 | max rel diff. = 0.133074
[2024-06-06 19:16:36.513] [jointLog] [info] iteration = 900 | max rel diff. = 0.626152
[2024-06-06 19:16:39.732] [jointLog] [info] iteration = 1,000 | max rel diff. = 0.0648092
[2024-06-06 19:16:43.044] [jointLog] [info] iteration = 1,100 | max rel diff. = 0.07646
[2024-06-06 19:16:46.267] [jointLog] [info] iteration = 1,200 | max rel diff. = 0.225172
[2024-06-06 19:16:49.773] [jointLog] [info] iteration = 1,300 | max rel diff. = 0.0725747
[2024-06-06 19:16:52.948] [jointLog] [info] iteration = 1,400 | max rel diff. = 0.0145943
[2024-06-06 19:16:55.883] [jointLog] [info] iteration = 1,500 | max rel diff. = 0.0732289
[2024-06-06 19:16:58.786] [jointLog] [info] iteration = 1,600 | max rel diff. = 0.143487
[2024-06-06 19:17:01.927] [jointLog] [info] iteration = 1,700 | max rel diff. = 0.547603
[2024-06-06 19:17:02.096] [jointLog] [info] iteration = 1,704 | max rel diff. = 0.00792779
[2024-06-06 19:17:02.104] [jointLog] [info] Finished optimizer
[2024-06-06 19:17:02.104] [jointLog] [info] writing output 

