[2024-06-06 07:43:40.911] [jointLog] [info] setting maxHashResizeThreads to 16
[2024-06-06 07:43:40.911] [jointLog] [info] Fragment incompatibility prior below threshold.  Incompatible fragments will be ignored.
[2024-06-06 07:43:40.911] [jointLog] [info] Usage of --validateMappings implies use of minScoreFraction. Since not explicitly specified, it is being set to 0.65
[2024-06-06 07:43:40.911] [jointLog] [info] Setting consensusSlack to selective-alignment default of 0.35.
[2024-06-06 07:43:40.911] [jointLog] [info] parsing read library format
[2024-06-06 07:43:40.911] [jointLog] [info] There is 1 library.
[2024-06-06 07:43:40.911] [jointLog] [info] Loading pufferfish index
[2024-06-06 07:43:40.911] [jointLog] [info] Loading dense pufferfish index.
[2024-06-06 07:44:15.571] [jointLog] [info] done
[2024-06-06 07:44:15.614] [jointLog] [info] Index contained 253,887 targets
[2024-06-06 07:44:17.919] [jointLog] [info] Number of decoys : 706
[2024-06-06 07:44:17.919] [jointLog] [info] First decoy index : 253,139 
[2024-06-06 07:44:18.602] [jointLog] [info] Automatically detected most likely library type as ISR

[2024-06-06 07:53:21.050] [jointLog] [info] Thread saw mini-batch with a maximum of 1.36% zero probability fragments
[2024-06-06 07:53:21.124] [jointLog] [info] Thread saw mini-batch with a maximum of 1.38% zero probability fragments
[2024-06-06 07:53:21.157] [jointLog] [info] Thread saw mini-batch with a maximum of 1.42% zero probability fragments
[2024-06-06 07:53:21.246] [jointLog] [info] Thread saw mini-batch with a maximum of 1.38% zero probability fragments
[2024-06-06 07:53:21.373] [jointLog] [info] Thread saw mini-batch with a maximum of 1.34% zero probability fragments
[2024-06-06 07:53:21.399] [jointLog] [info] Thread saw mini-batch with a maximum of 1.34% zero probability fragments
[2024-06-06 07:53:21.406] [jointLog] [info] Thread saw mini-batch with a maximum of 1.42% zero probability fragments
[2024-06-06 07:53:21.452] [jointLog] [info] Thread saw mini-batch with a maximum of 1.40% zero probability fragments
[2024-06-06 07:53:21.504] [jointLog] [info] Thread saw mini-batch with a maximum of 1.50% zero probability fragments
[2024-06-06 07:53:21.520] [jointLog] [info] Thread saw mini-batch with a maximum of 1.40% zero probability fragments
[2024-06-06 07:53:21.606] [jointLog] [info] Thread saw mini-batch with a maximum of 1.38% zero probability fragments
[2024-06-06 07:53:21.617] [jointLog] [info] Thread saw mini-batch with a maximum of 1.48% zero probability fragments
[2024-06-06 07:53:21.740] [jointLog] [info] Thread saw mini-batch with a maximum of 1.44% zero probability fragments
[2024-06-06 07:53:21.766] [jointLog] [info] Thread saw mini-batch with a maximum of 1.50% zero probability fragments
[2024-06-06 07:53:21.806] [jointLog] [info] Thread saw mini-batch with a maximum of 1.42% zero probability fragments
[2024-06-06 07:53:21.862] [jointLog] [info] Thread saw mini-batch with a maximum of 1.40% zero probability fragments
[2024-06-06 07:53:22.222] [fileLog] [info] 
At end of round 0
==================
Observed 57114922 total fragments (57114922 in most recent round)

[2024-06-06 07:53:22.222] [jointLog] [info] Computed 398,797 rich equivalence classes for further processing
[2024-06-06 07:53:22.222] [jointLog] [info] Counted 30,756,633 total reads in the equivalence classes 
[2024-06-06 07:53:22.231] [jointLog] [info] Number of mappings discarded because of alignment score : 71,018,806
[2024-06-06 07:53:22.231] [jointLog] [info] Number of fragments entirely discarded because of alignment score : 13,765,392
[2024-06-06 07:53:22.231] [jointLog] [info] Number of fragments discarded because they are best-mapped to decoys : 5,291,176
[2024-06-06 07:53:22.231] [jointLog] [info] Number of fragments discarded because they have only dovetail (discordant) mappings to valid targets : 3,086,040
[2024-06-06 07:53:22.231] [jointLog] [info] Mapping rate = 53.8504%

[2024-06-06 07:53:22.231] [jointLog] [info] finished quantifyLibrary()
[2024-06-06 07:53:22.231] [jointLog] [info] Starting optimizer
[2024-06-06 07:53:22.333] [jointLog] [info] Marked 0 weighted equivalence classes as degenerate
[2024-06-06 07:53:22.355] [jointLog] [info] iteration = 0 | max rel diff. = 4631.11
[2024-06-06 07:53:22.593] [jointLog] [info] iteration 11, adjusting effective lengths to account for biases
[2024-06-06 07:53:56.119] [jointLog] [info] Computed expected counts (for bias correction)
[2024-06-06 07:53:56.119] [jointLog] [info] processed bias for 0.0% of the transcripts
[2024-06-06 07:53:57.925] [jointLog] [info] processed bias for 10.0% of the transcripts
[2024-06-06 07:53:59.778] [jointLog] [info] processed bias for 20.0% of the transcripts
[2024-06-06 07:54:01.517] [jointLog] [info] processed bias for 30.0% of the transcripts
[2024-06-06 07:54:03.116] [jointLog] [info] processed bias for 40.0% of the transcripts
[2024-06-06 07:54:04.778] [jointLog] [info] processed bias for 50.0% of the transcripts
[2024-06-06 07:54:06.406] [jointLog] [info] processed bias for 60.0% of the transcripts
[2024-06-06 07:54:08.050] [jointLog] [info] processed bias for 70.0% of the transcripts
[2024-06-06 07:54:09.787] [jointLog] [info] processed bias for 80.0% of the transcripts
[2024-06-06 07:54:11.529] [jointLog] [info] processed bias for 90.0% of the transcripts
[2024-06-06 07:54:13.131] [jointLog] [info] processed bias for 100.0% of the transcripts
[2024-06-06 07:54:15.174] [jointLog] [info] iteration = 100 | max rel diff. = 17.9592
[2024-06-06 07:54:17.397] [jointLog] [info] iteration = 200 | max rel diff. = 6.6328
[2024-06-06 07:54:19.734] [jointLog] [info] iteration = 300 | max rel diff. = 7.72699
[2024-06-06 07:54:22.037] [jointLog] [info] iteration = 400 | max rel diff. = 0.952974
[2024-06-06 07:54:24.376] [jointLog] [info] iteration = 500 | max rel diff. = 0.984086
[2024-06-06 07:54:26.595] [jointLog] [info] iteration = 600 | max rel diff. = 0.0835548
[2024-06-06 07:54:28.917] [jointLog] [info] iteration = 700 | max rel diff. = 0.721356
[2024-06-06 07:54:31.092] [jointLog] [info] iteration = 800 | max rel diff. = 0.0213864
[2024-06-06 07:54:33.366] [jointLog] [info] iteration = 900 | max rel diff. = 0.069811
[2024-06-06 07:54:35.538] [jointLog] [info] iteration = 1,000 | max rel diff. = 0.0538816
[2024-06-06 07:54:37.794] [jointLog] [info] iteration = 1,100 | max rel diff. = 0.0177127
[2024-06-06 07:54:38.789] [jointLog] [info] iteration = 1,144 | max rel diff. = 0.00842205
[2024-06-06 07:54:38.797] [jointLog] [info] Finished optimizer
[2024-06-06 07:54:38.797] [jointLog] [info] writing output 

