[2024-06-06 02:29:59.324] [jointLog] [info] setting maxHashResizeThreads to 16
[2024-06-06 02:29:59.324] [jointLog] [info] Fragment incompatibility prior below threshold.  Incompatible fragments will be ignored.
[2024-06-06 02:29:59.324] [jointLog] [info] Usage of --validateMappings implies use of minScoreFraction. Since not explicitly specified, it is being set to 0.65
[2024-06-06 02:29:59.324] [jointLog] [info] Setting consensusSlack to selective-alignment default of 0.35.
[2024-06-06 02:29:59.324] [jointLog] [info] parsing read library format
[2024-06-06 02:29:59.324] [jointLog] [info] There is 1 library.
[2024-06-06 02:29:59.324] [jointLog] [info] Loading pufferfish index
[2024-06-06 02:29:59.324] [jointLog] [info] Loading dense pufferfish index.
[2024-06-06 02:31:53.531] [jointLog] [info] done
[2024-06-06 02:31:54.031] [jointLog] [info] Index contained 253,887 targets
[2024-06-06 02:32:07.074] [jointLog] [info] Number of decoys : 706
[2024-06-06 02:32:07.074] [jointLog] [info] First decoy index : 253,139 
[2024-06-06 02:32:09.133] [jointLog] [info] Automatically detected most likely library type as ISR

[2024-06-06 02:40:00.731] [jointLog] [info] Thread saw mini-batch with a maximum of 1.48% zero probability fragments
[2024-06-06 02:40:00.759] [jointLog] [info] Thread saw mini-batch with a maximum of 1.52% zero probability fragments
[2024-06-06 02:40:00.772] [jointLog] [info] Thread saw mini-batch with a maximum of 1.52% zero probability fragments
[2024-06-06 02:40:00.848] [jointLog] [info] Thread saw mini-batch with a maximum of 1.40% zero probability fragments
[2024-06-06 02:40:00.951] [jointLog] [info] Thread saw mini-batch with a maximum of 1.54% zero probability fragments
[2024-06-06 02:40:01.127] [jointLog] [info] Thread saw mini-batch with a maximum of 1.48% zero probability fragments
[2024-06-06 02:40:01.143] [jointLog] [info] Thread saw mini-batch with a maximum of 1.58% zero probability fragments
[2024-06-06 02:40:01.251] [jointLog] [info] Thread saw mini-batch with a maximum of 1.58% zero probability fragments
[2024-06-06 02:40:01.283] [jointLog] [info] Thread saw mini-batch with a maximum of 1.50% zero probability fragments
[2024-06-06 02:40:01.308] [jointLog] [info] Thread saw mini-batch with a maximum of 1.58% zero probability fragments
[2024-06-06 02:40:01.324] [jointLog] [info] Thread saw mini-batch with a maximum of 1.44% zero probability fragments
[2024-06-06 02:40:01.383] [jointLog] [info] Thread saw mini-batch with a maximum of 1.58% zero probability fragments
[2024-06-06 02:40:01.412] [jointLog] [info] Thread saw mini-batch with a maximum of 1.44% zero probability fragments
[2024-06-06 02:40:01.455] [jointLog] [info] Thread saw mini-batch with a maximum of 1.58% zero probability fragments
[2024-06-06 02:40:01.573] [jointLog] [info] Thread saw mini-batch with a maximum of 1.56% zero probability fragments
[2024-06-06 02:40:01.691] [jointLog] [info] Thread saw mini-batch with a maximum of 1.48% zero probability fragments
[2024-06-06 02:40:02.122] [jointLog] [info] Computed 309,693 rich equivalence classes for further processing
[2024-06-06 02:40:02.122] [jointLog] [info] Counted 29,805,319 total reads in the equivalence classes 
[2024-06-06 02:40:02.135] [jointLog] [info] Number of mappings discarded because of alignment score : 47,139,200
[2024-06-06 02:40:02.135] [jointLog] [info] Number of fragments entirely discarded because of alignment score : 9,371,019
[2024-06-06 02:40:02.135] [jointLog] [info] Number of fragments discarded because they are best-mapped to decoys : 4,222,796
[2024-06-06 02:40:02.135] [jointLog] [info] Number of fragments discarded because they have only dovetail (discordant) mappings to valid targets : 1,956,088
[2024-06-06 02:40:02.135] [jointLog] [info] Mapping rate = 61.5109%

[2024-06-06 02:40:02.135] [jointLog] [info] finished quantifyLibrary()
[2024-06-06 02:40:02.135] [jointLog] [info] Starting optimizer
[2024-06-06 02:40:02.292] [jointLog] [info] Marked 0 weighted equivalence classes as degenerate
[2024-06-06 02:40:02.331] [jointLog] [info] iteration = 0 | max rel diff. = 4711.31
[2024-06-06 02:40:02.122] [fileLog] [info] 
At end of round 0
==================
Observed 48455317 total fragments (48455317 in most recent round)

[2024-06-06 02:40:02.628] [jointLog] [info] iteration 11, adjusting effective lengths to account for biases
[2024-06-06 02:40:35.057] [jointLog] [info] Computed expected counts (for bias correction)
[2024-06-06 02:40:35.076] [jointLog] [info] processed bias for 0.0% of the transcripts
[2024-06-06 02:40:36.755] [jointLog] [info] processed bias for 10.0% of the transcripts
[2024-06-06 02:40:38.553] [jointLog] [info] processed bias for 20.0% of the transcripts
[2024-06-06 02:40:40.342] [jointLog] [info] processed bias for 30.0% of the transcripts
[2024-06-06 02:40:42.207] [jointLog] [info] processed bias for 40.0% of the transcripts
[2024-06-06 02:40:44.055] [jointLog] [info] processed bias for 50.0% of the transcripts
[2024-06-06 02:40:45.755] [jointLog] [info] processed bias for 60.0% of the transcripts
[2024-06-06 02:40:47.561] [jointLog] [info] processed bias for 70.0% of the transcripts
[2024-06-06 02:40:49.177] [jointLog] [info] processed bias for 80.0% of the transcripts
[2024-06-06 02:40:50.875] [jointLog] [info] processed bias for 90.0% of the transcripts
[2024-06-06 02:40:52.747] [jointLog] [info] processed bias for 100.0% of the transcripts
[2024-06-06 02:40:54.736] [jointLog] [info] iteration = 100 | max rel diff. = 15.942
[2024-06-06 02:40:57.191] [jointLog] [info] iteration = 200 | max rel diff. = 13.5769
[2024-06-06 02:40:59.840] [jointLog] [info] iteration = 300 | max rel diff. = 5.12623
[2024-06-06 02:41:02.341] [jointLog] [info] iteration = 400 | max rel diff. = 0.925507
[2024-06-06 02:41:04.771] [jointLog] [info] iteration = 500 | max rel diff. = 16.3802
[2024-06-06 02:41:07.371] [jointLog] [info] iteration = 600 | max rel diff. = 5.16795
[2024-06-06 02:41:09.876] [jointLog] [info] iteration = 700 | max rel diff. = 0.47488
[2024-06-06 02:41:12.538] [jointLog] [info] iteration = 800 | max rel diff. = 0.0197956
[2024-06-06 02:41:15.260] [jointLog] [info] iteration = 900 | max rel diff. = 0.281552
[2024-06-06 02:41:17.861] [jointLog] [info] iteration = 1,000 | max rel diff. = 0.0576772
[2024-06-06 02:41:20.252] [jointLog] [info] iteration = 1,100 | max rel diff. = 0.0260716
[2024-06-06 02:41:23.023] [jointLog] [info] iteration = 1,200 | max rel diff. = 0.0580418
[2024-06-06 02:41:25.471] [jointLog] [info] iteration = 1,300 | max rel diff. = 0.105138
[2024-06-06 02:41:28.083] [jointLog] [info] iteration = 1,400 | max rel diff. = 0.54893
[2024-06-06 02:41:28.891] [jointLog] [info] iteration = 1,432 | max rel diff. = 0.00407957
[2024-06-06 02:41:28.909] [jointLog] [info] Finished optimizer
[2024-06-06 02:41:28.909] [jointLog] [info] writing output 

